WARNING: Using incubator modules: jdk.incubator.vector, jdk.incubator.foreign
[Error - 2:27:42 AM] Mar 1, 2024, 2:27:42 AM failed to send diagnostics
src/main/java/com.ontariotechu.sofe3980U [in BinaryCalculatorWebapp] is not on its project's build path
Java Model Exception: Error in Java Model (code 1006): src/main/java/com.ontariotechu.sofe3980U [in BinaryCalculatorWebapp] is not on its project's build path
	at org.eclipse.jdt.internal.core.JavaElement.newJavaModelException(JavaElement.java:584)
	at org.eclipse.jdt.internal.core.Openable.generateInfos(Openable.java:254)
	at org.eclipse.jdt.internal.core.Openable.openAncestors(Openable.java:528)
	at org.eclipse.jdt.internal.core.Openable.generateInfos(Openable.java:248)
	at org.eclipse.jdt.internal.core.Openable.openAncestors(Openable.java:528)
	at org.eclipse.jdt.internal.core.CompilationUnit.openAncestors(CompilationUnit.java:1246)
	at org.eclipse.jdt.internal.core.Openable.generateInfos(Openable.java:248)
	at org.eclipse.jdt.internal.core.JavaElement.openWhenClosed(JavaElement.java:597)
	at org.eclipse.jdt.internal.core.JavaElement.getElementInfo(JavaElement.java:328)
	at org.eclipse.jdt.internal.core.JavaElement.getElementInfo(JavaElement.java:314)
	at org.eclipse.jdt.internal.core.Openable.getBuffer(Openable.java:296)
	at org.eclipse.jdt.ls.core.internal.handlers.WorkspaceDiagnosticsHandler.visit(WorkspaceDiagnosticsHandler.java:183)
	at org.eclipse.core.internal.events.ResourceDelta.accept(ResourceDelta.java:67)
	at org.eclipse.core.internal.events.ResourceDelta.accept(ResourceDelta.java:77)
	at org.eclipse.core.internal.events.ResourceDelta.accept(ResourceDelta.java:77)
	at org.eclipse.core.internal.events.ResourceDelta.accept(ResourceDelta.java:77)
	at org.eclipse.core.internal.events.ResourceDelta.accept(ResourceDelta.java:77)
	at org.eclipse.core.internal.events.ResourceDelta.accept(ResourceDelta.java:77)
	at org.eclipse.core.internal.events.ResourceDelta.accept(ResourceDelta.java:77)
	at org.eclipse.core.internal.events.ResourceDelta.accept(ResourceDelta.java:51)
	at org.eclipse.jdt.ls.core.internal.handlers.WorkspaceDiagnosticsHandler.resourceChanged(WorkspaceDiagnosticsHandler.java:108)
	at org.eclipse.core.internal.events.NotificationManager$1.run(NotificationManager.java:307)
	at org.eclipse.core.runtime.SafeRunner.run(SafeRunner.java:45)
	at org.eclipse.core.internal.events.NotificationManager.notify(NotificationManager.java:297)
	at org.eclipse.core.internal.events.NotificationManager.broadcastChanges(NotificationManager.java:160)
	at org.eclipse.core.internal.resources.Workspace.broadcastPostChange(Workspace.java:388)
	at org.eclipse.core.internal.resources.Workspace.endOperation(Workspace.java:1516)
	at org.eclipse.core.internal.resources.Resource.refreshLocal(Resource.java:1579)
	at org.eclipse.m2e.core.internal.builder.MavenBuilderImpl.refreshResources(MavenBuilderImpl.java:280)
	at org.eclipse.m2e.core.internal.builder.MavenBuilderImpl.build(MavenBuilderImpl.java:176)
	at org.eclipse.m2e.core.internal.builder.MavenBuilder$1.method(MavenBuilder.java:164)
	at org.eclipse.m2e.core.internal.builder.MavenBuilder$1.method(MavenBuilder.java:1)
	at org.eclipse.m2e.core.internal.builder.MavenBuilder$BuildMethod.lambda$1(MavenBuilder.java:109)
	at org.eclipse.m2e.core.internal.embedder.MavenExecutionContext.executeBare(MavenExecutionContext.java:394)
	at org.eclipse.m2e.core.internal.embedder.MavenExecutionContext.execute(MavenExecutionContext.java:228)
	at org.eclipse.m2e.core.internal.builder.MavenBuilder$BuildMethod.lambda$0(MavenBuilder.java:100)
	at org.eclipse.m2e.core.internal.embedder.MavenExecutionContext.executeBare(MavenExecutionContext.java:394)
	at org.eclipse.m2e.core.internal.embedder.MavenExecutionContext.execute(MavenExecutionContext.java:275)
	at org.eclipse.m2e.core.internal.embedder.MavenExecutionContext.execute(MavenExecutionContext.java:214)
	at org.eclipse.m2e.core.internal.builder.MavenBuilder$BuildMethod.execute(MavenBuilder.java:83)
	at org.eclipse.m2e.core.internal.builder.MavenBuilder.build(MavenBuilder.java:192)
	at org.eclipse.core.internal.events.BuildManager$2.run(BuildManager.java:1023)
	at org.eclipse.core.runtime.SafeRunner.run(SafeRunner.java:45)
	at org.eclipse.core.internal.events.BuildManager.basicBuild(BuildManager.java:247)
	at org.eclipse.core.internal.events.BuildManager.basicBuild(BuildManager.java:303)
	at org.eclipse.core.internal.events.BuildManager$1.run(BuildManager.java:392)
	at org.eclipse.core.runtime.SafeRunner.run(SafeRunner.java:45)
	at org.eclipse.core.internal.events.BuildManager.basicBuild(BuildManager.java:395)
	at org.eclipse.core.internal.events.BuildManager.basicBuildLoop(BuildManager.java:506)
	at org.eclipse.core.internal.events.BuildManager.basicBuildLoop(BuildManager.java:454)
	at org.eclipse.core.internal.events.BuildManager.build(BuildManager.java:536)
	at org.eclipse.core.internal.resources.Workspace.buildInternal(Workspace.java:524)
	at org.eclipse.core.internal.resources.Workspace.build(Workspace.java:413)
	at org.eclipse.jdt.ls.core.internal.handlers.BuildWorkspaceHandler.buildWorkspace(BuildWorkspaceHandler.java:65)
	at org.eclipse.jdt.ls.core.internal.handlers.JDTLanguageServer.lambda$27(JDTLanguageServer.java:964)
	at org.eclipse.jdt.ls.core.internal.handlers.JDTLanguageServer.lambda$56(JDTLanguageServer.java:1164)
	at java.base/java.util.concurrent.CompletableFuture$UniApply.tryFire(CompletableFuture.java:646)
	at java.base/java.util.concurrent.CompletableFuture$Completion.run(CompletableFuture.java:482)
	at java.base/java.lang.Thread.run(Thread.java:840)

[Error - 2:27:43 AM] Mar 1, 2024, 2:27:43 AM Error occured while building workspace. Details: 
 message: The declared package "com.ontariotechu.sofe3980U" does not match the expected package "com.ontariotechu.sofe3980U"; code: 536871240; resource: /home/loginemail122333/SOFE3980U-Lab3/BinaryCalculatorWebapp/src/main/java/com.ontariotechu.sofe3980U/APIResult.java; line: 1
 message: The declared package "com.ontariotechu.sofe3980U" does not match the expected package "com.ontariotechu.sofe3980U"; code: 536871240; resource: /home/loginemail122333/SOFE3980U-Lab3/BinaryCalculatorWebapp/src/main/java/com.ontariotechu.sofe3980U/Application.java; line: 1
 message: The declared package "com.ontariotechu.sofe3980U" does not match the expected package "com.ontariotechu.sofe3980U"; code: 536871240; resource: /home/loginemail122333/SOFE3980U-Lab3/BinaryCalculatorWebapp/src/main/java/com.ontariotechu.sofe3980U/Binary.java; line: 1
 message: The declared package "com.ontariotechu.sofe3980U" does not match the expected package "com.ontariotechu.sofe3980U"; code: 536871240; resource: /home/loginemail122333/SOFE3980U-Lab3/BinaryCalculatorWebapp/src/main/java/com.ontariotechu.sofe3980U/BinaryAPIController.java; line: 1
 message: The declared package "com.ontariotechu.sofe3980U" does not match the expected package "com.ontariotechu.sofe3980U"; code: 536871240; resource: /home/loginemail122333/SOFE3980U-Lab3/BinaryCalculatorWebapp/src/main/java/com.ontariotechu.sofe3980U/BinaryAPIResult.java; line: 1
 message: The declared package "com.ontariotechu.sofe3980U" does not match the expected package "com.ontariotechu.sofe3980U"; code: 536871240; resource: /home/loginemail122333/SOFE3980U-Lab3/BinaryCalculatorWebapp/src/main/java/com.ontariotechu.sofe3980U/BinaryController.java; line: 1
 message: The declared package "com.ontariotechu.sofe3980U" does not match the expected package "com.ontariotechu.sofe3980U"; code: 536871240; resource: /home/loginemail122333/SOFE3980U-Lab3/BinaryCalculatorWebapp/src/main/java/com.ontariotechu.sofe3980U/HelloAPIController.java; line: 1
 message: The declared package "com.ontariotechu.sofe3980U" does not match the expected package "com.ontariotechu.sofe3980U"; code: 536871240; resource: /home/loginemail122333/SOFE3980U-Lab3/BinaryCalculatorWebapp/src/main/java/com.ontariotechu.sofe3980U/HelloController.java; line: 1
 message: The declared package "com.ontariotechu.sofe3980U" does not match the expected package "com.ontariotechu.sofe3980U"; code: 536871240; resource: /home/loginemail122333/SOFE3980U-Lab3/BinaryCalculatorWebapp/src/test/java/com.ontariotechu.sofe3980U/BinaryAPIControllerTest.java; line: 1
 message: The declared package "com.ontariotechu.sofe3980U" does not match the expected package "com.ontariotechu.sofe3980U"; code: 536871240; resource: /home/loginemail122333/SOFE3980U-Lab3/BinaryCalculatorWebapp/src/test/java/com.ontariotechu.sofe3980U/BinaryControllerTest.java; line: 1
 message: The declared package "com.ontariotechu.sofe3980U" does not match the expected package "com.ontariotechu.sofe3980U"; code: 536871240; resource: /home/loginemail122333/SOFE3980U-Lab3/BinaryCalculatorWebapp/src/test/java/com.ontariotechu.sofe3980U/HelloAPIControllerTest.java; line: 1
 message: The declared package "com.ontariotechu.sofe3980U" does not match the expected package "com.ontariotechu.sofe3980U"; code: 536871240; resource: /home/loginemail122333/SOFE3980U-Lab3/BinaryCalculatorWebapp/src/test/java/com.ontariotechu.sofe3980U/HelloControllerTest.java; line: 1
[Error - 2:27:43 AM] Mar 1, 2024, 2:27:43 AM Failed to publish diagnostics for file:///home/loginemail122333/SOFE3980U-Lab3/BinaryCalculatorWebapp/src/test/java/com.ontariotechu.sofe3980U/HelloAPIControllerTest.java
src/test/java/com.ontariotechu.sofe3980U [in BinaryCalculatorWebapp] is not on its project's build path
Java Model Exception: Error in Java Model (code 1006): src/test/java/com.ontariotechu.sofe3980U [in BinaryCalculatorWebapp] is not on its project's build path
	at org.eclipse.jdt.internal.core.JavaElement.newJavaModelException(JavaElement.java:584)
	at org.eclipse.jdt.internal.core.Openable.generateInfos(Openable.java:254)
	at org.eclipse.jdt.internal.core.Openable.openAncestors(Openable.java:528)
	at org.eclipse.jdt.internal.core.Openable.generateInfos(Openable.java:248)
	at org.eclipse.jdt.internal.core.Openable.openAncestors(Openable.java:528)
	at org.eclipse.jdt.internal.core.CompilationUnit.openAncestors(CompilationUnit.java:1246)
	at org.eclipse.jdt.internal.core.Openable.generateInfos(Openable.java:248)
	at org.eclipse.jdt.internal.core.JavaElement.openWhenClosed(JavaElement.java:597)
	at org.eclipse.jdt.internal.core.JavaElement.getElementInfo(JavaElement.java:328)
	at org.eclipse.jdt.internal.core.JavaElement.getElementInfo(JavaElement.java:314)
	at org.eclipse.jdt.internal.core.Openable.getBuffer(Openable.java:296)
	at org.eclipse.jdt.ls.core.internal.handlers.WorkspaceDiagnosticsHandler.publishDiagnostics(WorkspaceDiagnosticsHandler.java:320)
	at org.eclipse.jdt.ls.core.internal.handlers.WorkspaceDiagnosticsHandler.publishDiagnostics(WorkspaceDiagnosticsHandler.java:245)
	at org.eclipse.jdt.ls.core.internal.handlers.JDTLanguageServer$2.run(JDTLanguageServer.java:321)
	at org.eclipse.core.internal.jobs.Worker.run(Worker.java:63)

[Error - 2:27:43 AM] Mar 1, 2024, 2:27:43 AM Failed to publish diagnostics for file:///home/loginemail122333/SOFE3980U-Lab3/BinaryCalculatorWebapp/src/test/java/com.ontariotechu.sofe3980U/BinaryAPIControllerTest.java
src/test/java/com.ontariotechu.sofe3980U [in BinaryCalculatorWebapp] is not on its project's build path
Java Model Exception: Error in Java Model (code 1006): src/test/java/com.ontariotechu.sofe3980U [in BinaryCalculatorWebapp] is not on its project's build path
	at org.eclipse.jdt.internal.core.JavaElement.newJavaModelException(JavaElement.java:584)
	at org.eclipse.jdt.internal.core.Openable.generateInfos(Openable.java:254)
	at org.eclipse.jdt.internal.core.Openable.openAncestors(Openable.java:528)
	at org.eclipse.jdt.internal.core.Openable.generateInfos(Openable.java:248)
	at org.eclipse.jdt.internal.core.Openable.openAncestors(Openable.java:528)
	at org.eclipse.jdt.internal.core.CompilationUnit.openAncestors(CompilationUnit.java:1246)
	at org.eclipse.jdt.internal.core.Openable.generateInfos(Openable.java:248)
	at org.eclipse.jdt.internal.core.JavaElement.openWhenClosed(JavaElement.java:597)
	at org.eclipse.jdt.internal.core.JavaElement.getElementInfo(JavaElement.java:328)
	at org.eclipse.jdt.internal.core.JavaElement.getElementInfo(JavaElement.java:314)
	at org.eclipse.jdt.internal.core.Openable.getBuffer(Openable.java:296)
	at org.eclipse.jdt.ls.core.internal.handlers.WorkspaceDiagnosticsHandler.publishDiagnostics(WorkspaceDiagnosticsHandler.java:320)
	at org.eclipse.jdt.ls.core.internal.handlers.WorkspaceDiagnosticsHandler.publishDiagnostics(WorkspaceDiagnosticsHandler.java:245)
	at org.eclipse.jdt.ls.core.internal.handlers.JDTLanguageServer$2.run(JDTLanguageServer.java:321)
	at org.eclipse.core.internal.jobs.Worker.run(Worker.java:63)

[Error - 2:27:43 AM] Mar 1, 2024, 2:27:43 AM Failed to publish diagnostics for file:///home/loginemail122333/SOFE3980U-Lab3/BinaryCalculatorWebapp/src/main/java/com.ontariotechu.sofe3980U/APIResult.java
src/main/java/com.ontariotechu.sofe3980U [in BinaryCalculatorWebapp] is not on its project's build path
Java Model Exception: Error in Java Model (code 1006): src/main/java/com.ontariotechu.sofe3980U [in BinaryCalculatorWebapp] is not on its project's build path
	at org.eclipse.jdt.internal.core.JavaElement.newJavaModelException(JavaElement.java:584)
	at org.eclipse.jdt.internal.core.Openable.generateInfos(Openable.java:254)
	at org.eclipse.jdt.internal.core.Openable.openAncestors(Openable.java:528)
	at org.eclipse.jdt.internal.core.Openable.generateInfos(Openable.java:248)
	at org.eclipse.jdt.internal.core.Openable.openAncestors(Openable.java:528)
	at org.eclipse.jdt.internal.core.CompilationUnit.openAncestors(CompilationUnit.java:1246)
	at org.eclipse.jdt.internal.core.Openable.generateInfos(Openable.java:248)
	at org.eclipse.jdt.internal.core.JavaElement.openWhenClosed(JavaElement.java:597)
	at org.eclipse.jdt.internal.core.JavaElement.getElementInfo(JavaElement.java:328)
	at org.eclipse.jdt.internal.core.JavaElement.getElementInfo(JavaElement.java:314)
	at org.eclipse.jdt.internal.core.Openable.getBuffer(Openable.java:296)
	at org.eclipse.jdt.ls.core.internal.handlers.WorkspaceDiagnosticsHandler.publishDiagnostics(WorkspaceDiagnosticsHandler.java:320)
	at org.eclipse.jdt.ls.core.internal.handlers.WorkspaceDiagnosticsHandler.publishDiagnostics(WorkspaceDiagnosticsHandler.java:245)
	at org.eclipse.jdt.ls.core.internal.handlers.JDTLanguageServer$2.run(JDTLanguageServer.java:321)
	at org.eclipse.core.internal.jobs.Worker.run(Worker.java:63)

[Error - 2:27:43 AM] Mar 1, 2024, 2:27:43 AM Failed to publish diagnostics for file:///home/loginemail122333/SOFE3980U-Lab3/BinaryCalculatorWebapp/src/test/java/com.ontariotechu.sofe3980U/HelloControllerTest.java
src/test/java/com.ontariotechu.sofe3980U [in BinaryCalculatorWebapp] is not on its project's build path
Java Model Exception: Error in Java Model (code 1006): src/test/java/com.ontariotechu.sofe3980U [in BinaryCalculatorWebapp] is not on its project's build path
	at org.eclipse.jdt.internal.core.JavaElement.newJavaModelException(JavaElement.java:584)
	at org.eclipse.jdt.internal.core.Openable.generateInfos(Openable.java:254)
	at org.eclipse.jdt.internal.core.Openable.openAncestors(Openable.java:528)
	at org.eclipse.jdt.internal.core.Openable.generateInfos(Openable.java:248)
	at org.eclipse.jdt.internal.core.Openable.openAncestors(Openable.java:528)
	at org.eclipse.jdt.internal.core.CompilationUnit.openAncestors(CompilationUnit.java:1246)
	at org.eclipse.jdt.internal.core.Openable.generateInfos(Openable.java:248)
	at org.eclipse.jdt.internal.core.JavaElement.openWhenClosed(JavaElement.java:597)
	at org.eclipse.jdt.internal.core.JavaElement.getElementInfo(JavaElement.java:328)
	at org.eclipse.jdt.internal.core.JavaElement.getElementInfo(JavaElement.java:314)
	at org.eclipse.jdt.internal.core.Openable.getBuffer(Openable.java:296)
	at org.eclipse.jdt.ls.core.internal.handlers.WorkspaceDiagnosticsHandler.publishDiagnostics(WorkspaceDiagnosticsHandler.java:320)
	at org.eclipse.jdt.ls.core.internal.handlers.WorkspaceDiagnosticsHandler.publishDiagnostics(WorkspaceDiagnosticsHandler.java:245)
	at org.eclipse.jdt.ls.core.internal.handlers.JDTLanguageServer$2.run(JDTLanguageServer.java:321)
	at org.eclipse.core.internal.jobs.Worker.run(Worker.java:63)

[Error - 2:27:43 AM] Mar 1, 2024, 2:27:43 AM Failed to publish diagnostics for file:///home/loginemail122333/SOFE3980U-Lab3/BinaryCalculatorWebapp/src/main/java/com.ontariotechu.sofe3980U/BinaryAPIResult.java
src/main/java/com.ontariotechu.sofe3980U [in BinaryCalculatorWebapp] is not on its project's build path
Java Model Exception: Error in Java Model (code 1006): src/main/java/com.ontariotechu.sofe3980U [in BinaryCalculatorWebapp] is not on its project's build path
	at org.eclipse.jdt.internal.core.JavaElement.newJavaModelException(JavaElement.java:584)
	at org.eclipse.jdt.internal.core.Openable.generateInfos(Openable.java:254)
	at org.eclipse.jdt.internal.core.Openable.openAncestors(Openable.java:528)
	at org.eclipse.jdt.internal.core.Openable.generateInfos(Openable.java:248)
	at org.eclipse.jdt.internal.core.Openable.openAncestors(Openable.java:528)
	at org.eclipse.jdt.internal.core.CompilationUnit.openAncestors(CompilationUnit.java:1246)
	at org.eclipse.jdt.internal.core.Openable.generateInfos(Openable.java:248)
	at org.eclipse.jdt.internal.core.JavaElement.openWhenClosed(JavaElement.java:597)
	at org.eclipse.jdt.internal.core.JavaElement.getElementInfo(JavaElement.java:328)
	at org.eclipse.jdt.internal.core.JavaElement.getElementInfo(JavaElement.java:314)
	at org.eclipse.jdt.internal.core.Openable.getBuffer(Openable.java:296)
	at org.eclipse.jdt.ls.core.internal.handlers.WorkspaceDiagnosticsHandler.publishDiagnostics(WorkspaceDiagnosticsHandler.java:320)
	at org.eclipse.jdt.ls.core.internal.handlers.WorkspaceDiagnosticsHandler.publishDiagnostics(WorkspaceDiagnosticsHandler.java:245)
	at org.eclipse.jdt.ls.core.internal.handlers.JDTLanguageServer$2.run(JDTLanguageServer.java:321)
	at org.eclipse.core.internal.jobs.Worker.run(Worker.java:63)

[Error - 2:27:43 AM] Mar 1, 2024, 2:27:43 AM Failed to publish diagnostics for file:///home/loginemail122333/SOFE3980U-Lab3/BinaryCalculatorWebapp/src/main/java/com.ontariotechu.sofe3980U/BinaryController.java
src/main/java/com.ontariotechu.sofe3980U [in BinaryCalculatorWebapp] is not on its project's build path
Java Model Exception: Error in Java Model (code 1006): src/main/java/com.ontariotechu.sofe3980U [in BinaryCalculatorWebapp] is not on its project's build path
	at org.eclipse.jdt.internal.core.JavaElement.newJavaModelException(JavaElement.java:584)
	at org.eclipse.jdt.internal.core.Openable.generateInfos(Openable.java:254)
	at org.eclipse.jdt.internal.core.Openable.openAncestors(Openable.java:528)
	at org.eclipse.jdt.internal.core.Openable.generateInfos(Openable.java:248)
	at org.eclipse.jdt.internal.core.Openable.openAncestors(Openable.java:528)
	at org.eclipse.jdt.internal.core.CompilationUnit.openAncestors(CompilationUnit.java:1246)
	at org.eclipse.jdt.internal.core.Openable.generateInfos(Openable.java:248)
	at org.eclipse.jdt.internal.core.JavaElement.openWhenClosed(JavaElement.java:597)
	at org.eclipse.jdt.internal.core.JavaElement.getElementInfo(JavaElement.java:328)
	at org.eclipse.jdt.internal.core.JavaElement.getElementInfo(JavaElement.java:314)
	at org.eclipse.jdt.internal.core.Openable.getBuffer(Openable.java:296)
	at org.eclipse.jdt.ls.core.internal.handlers.WorkspaceDiagnosticsHandler.publishDiagnostics(WorkspaceDiagnosticsHandler.java:320)
	at org.eclipse.jdt.ls.core.internal.handlers.WorkspaceDiagnosticsHandler.publishDiagnostics(WorkspaceDiagnosticsHandler.java:245)
	at org.eclipse.jdt.ls.core.internal.handlers.JDTLanguageServer$2.run(JDTLanguageServer.java:321)
	at org.eclipse.core.internal.jobs.Worker.run(Worker.java:63)

[Error - 2:27:43 AM] Mar 1, 2024, 2:27:43 AM Failed to publish diagnostics for file:///home/loginemail122333/SOFE3980U-Lab3/BinaryCalculatorWebapp/src/main/java/com.ontariotechu.sofe3980U/BinaryAPIController.java
src/main/java/com.ontariotechu.sofe3980U [in BinaryCalculatorWebapp] is not on its project's build path
Java Model Exception: Error in Java Model (code 1006): src/main/java/com.ontariotechu.sofe3980U [in BinaryCalculatorWebapp] is not on its project's build path
	at org.eclipse.jdt.internal.core.JavaElement.newJavaModelException(JavaElement.java:584)
	at org.eclipse.jdt.internal.core.Openable.generateInfos(Openable.java:254)
	at org.eclipse.jdt.internal.core.Openable.openAncestors(Openable.java:528)
	at org.eclipse.jdt.internal.core.Openable.generateInfos(Openable.java:248)
	at org.eclipse.jdt.internal.core.Openable.openAncestors(Openable.java:528)
	at org.eclipse.jdt.internal.core.CompilationUnit.openAncestors(CompilationUnit.java:1246)
	at org.eclipse.jdt.internal.core.Openable.generateInfos(Openable.java:248)
	at org.eclipse.jdt.internal.core.JavaElement.openWhenClosed(JavaElement.java:597)
	at org.eclipse.jdt.internal.core.JavaElement.getElementInfo(JavaElement.java:328)
	at org.eclipse.jdt.internal.core.JavaElement.getElementInfo(JavaElement.java:314)
	at org.eclipse.jdt.internal.core.Openable.getBuffer(Openable.java:296)
	at org.eclipse.jdt.ls.core.internal.handlers.WorkspaceDiagnosticsHandler.publishDiagnostics(WorkspaceDiagnosticsHandler.java:320)
	at org.eclipse.jdt.ls.core.internal.handlers.WorkspaceDiagnosticsHandler.publishDiagnostics(WorkspaceDiagnosticsHandler.java:245)
	at org.eclipse.jdt.ls.core.internal.handlers.JDTLanguageServer$2.run(JDTLanguageServer.java:321)
	at org.eclipse.core.internal.jobs.Worker.run(Worker.java:63)

[Error - 2:27:43 AM] Mar 1, 2024, 2:27:43 AM Failed to publish diagnostics for file:///home/loginemail122333/SOFE3980U-Lab3/BinaryCalculatorWebapp/src/test/java/com.ontariotechu.sofe3980U/BinaryControllerTest.java
src/test/java/com.ontariotechu.sofe3980U [in BinaryCalculatorWebapp] is not on its project's build path
Java Model Exception: Error in Java Model (code 1006): src/test/java/com.ontariotechu.sofe3980U [in BinaryCalculatorWebapp] is not on its project's build path
	at org.eclipse.jdt.internal.core.JavaElement.newJavaModelException(JavaElement.java:584)
	at org.eclipse.jdt.internal.core.Openable.generateInfos(Openable.java:254)
	at org.eclipse.jdt.internal.core.Openable.openAncestors(Openable.java:528)
	at org.eclipse.jdt.internal.core.Openable.generateInfos(Openable.java:248)
	at org.eclipse.jdt.internal.core.Openable.openAncestors(Openable.java:528)
	at org.eclipse.jdt.internal.core.CompilationUnit.openAncestors(CompilationUnit.java:1246)
	at org.eclipse.jdt.internal.core.Openable.generateInfos(Openable.java:248)
	at org.eclipse.jdt.internal.core.JavaElement.openWhenClosed(JavaElement.java:597)
	at org.eclipse.jdt.internal.core.JavaElement.getElementInfo(JavaElement.java:328)
	at org.eclipse.jdt.internal.core.JavaElement.getElementInfo(JavaElement.java:314)
	at org.eclipse.jdt.internal.core.Openable.getBuffer(Openable.java:296)
	at org.eclipse.jdt.ls.core.internal.handlers.WorkspaceDiagnosticsHandler.publishDiagnostics(WorkspaceDiagnosticsHandler.java:320)
	at org.eclipse.jdt.ls.core.internal.handlers.WorkspaceDiagnosticsHandler.publishDiagnostics(WorkspaceDiagnosticsHandler.java:245)
	at org.eclipse.jdt.ls.core.internal.handlers.JDTLanguageServer$2.run(JDTLanguageServer.java:321)
	at org.eclipse.core.internal.jobs.Worker.run(Worker.java:63)

[Error - 2:27:43 AM] Mar 1, 2024, 2:27:43 AM Failed to publish diagnostics for file:///home/loginemail122333/SOFE3980U-Lab3/BinaryCalculatorWebapp/src/main/java/com.ontariotechu.sofe3980U/HelloAPIController.java
src/main/java/com.ontariotechu.sofe3980U [in BinaryCalculatorWebapp] is not on its project's build path
Java Model Exception: Error in Java Model (code 1006): src/main/java/com.ontariotechu.sofe3980U [in BinaryCalculatorWebapp] is not on its project's build path
	at org.eclipse.jdt.internal.core.JavaElement.newJavaModelException(JavaElement.java:584)
	at org.eclipse.jdt.internal.core.Openable.generateInfos(Openable.java:254)
	at org.eclipse.jdt.internal.core.Openable.openAncestors(Openable.java:528)
	at org.eclipse.jdt.internal.core.Openable.generateInfos(Openable.java:248)
	at org.eclipse.jdt.internal.core.Openable.openAncestors(Openable.java:528)
	at org.eclipse.jdt.internal.core.CompilationUnit.openAncestors(CompilationUnit.java:1246)
	at org.eclipse.jdt.internal.core.Openable.generateInfos(Openable.java:248)
	at org.eclipse.jdt.internal.core.JavaElement.openWhenClosed(JavaElement.java:597)
	at org.eclipse.jdt.internal.core.JavaElement.getElementInfo(JavaElement.java:328)
	at org.eclipse.jdt.internal.core.JavaElement.getElementInfo(JavaElement.java:314)
	at org.eclipse.jdt.internal.core.Openable.getBuffer(Openable.java:296)
	at org.eclipse.jdt.ls.core.internal.handlers.WorkspaceDiagnosticsHandler.publishDiagnostics(WorkspaceDiagnosticsHandler.java:320)
	at org.eclipse.jdt.ls.core.internal.handlers.WorkspaceDiagnosticsHandler.publishDiagnostics(WorkspaceDiagnosticsHandler.java:245)
	at org.eclipse.jdt.ls.core.internal.handlers.JDTLanguageServer$2.run(JDTLanguageServer.java:321)
	at org.eclipse.core.internal.jobs.Worker.run(Worker.java:63)

[Error - 2:27:43 AM] Mar 1, 2024, 2:27:43 AM Failed to publish diagnostics for file:///home/loginemail122333/SOFE3980U-Lab3/BinaryCalculatorWebapp/src/main/java/com.ontariotechu.sofe3980U/Binary.java
src/main/java/com.ontariotechu.sofe3980U [in BinaryCalculatorWebapp] is not on its project's build path
Java Model Exception: Error in Java Model (code 1006): src/main/java/com.ontariotechu.sofe3980U [in BinaryCalculatorWebapp] is not on its project's build path
	at org.eclipse.jdt.internal.core.JavaElement.newJavaModelException(JavaElement.java:584)
	at org.eclipse.jdt.internal.core.Openable.generateInfos(Openable.java:254)
	at org.eclipse.jdt.internal.core.Openable.openAncestors(Openable.java:528)
	at org.eclipse.jdt.internal.core.Openable.generateInfos(Openable.java:248)
	at org.eclipse.jdt.internal.core.Openable.openAncestors(Openable.java:528)
	at org.eclipse.jdt.internal.core.CompilationUnit.openAncestors(CompilationUnit.java:1246)
	at org.eclipse.jdt.internal.core.Openable.generateInfos(Openable.java:248)
	at org.eclipse.jdt.internal.core.JavaElement.openWhenClosed(JavaElement.java:597)
	at org.eclipse.jdt.internal.core.JavaElement.getElementInfo(JavaElement.java:328)
	at org.eclipse.jdt.internal.core.JavaElement.getElementInfo(JavaElement.java:314)
	at org.eclipse.jdt.internal.core.Openable.getBuffer(Openable.java:296)
	at org.eclipse.jdt.ls.core.internal.handlers.WorkspaceDiagnosticsHandler.publishDiagnostics(WorkspaceDiagnosticsHandler.java:320)
	at org.eclipse.jdt.ls.core.internal.handlers.WorkspaceDiagnosticsHandler.publishDiagnostics(WorkspaceDiagnosticsHandler.java:245)
	at org.eclipse.jdt.ls.core.internal.handlers.JDTLanguageServer$2.run(JDTLanguageServer.java:321)
	at org.eclipse.core.internal.jobs.Worker.run(Worker.java:63)

[Error - 2:27:43 AM] Mar 1, 2024, 2:27:43 AM Failed to publish diagnostics for file:///home/loginemail122333/SOFE3980U-Lab3/BinaryCalculatorWebapp/src/main/java/com.ontariotechu.sofe3980U/Application.java
src/main/java/com.ontariotechu.sofe3980U [in BinaryCalculatorWebapp] is not on its project's build path
Java Model Exception: Error in Java Model (code 1006): src/main/java/com.ontariotechu.sofe3980U [in BinaryCalculatorWebapp] is not on its project's build path
	at org.eclipse.jdt.internal.core.JavaElement.newJavaModelException(JavaElement.java:584)
	at org.eclipse.jdt.internal.core.Openable.generateInfos(Openable.java:254)
	at org.eclipse.jdt.internal.core.Openable.openAncestors(Openable.java:528)
	at org.eclipse.jdt.internal.core.Openable.generateInfos(Openable.java:248)
	at org.eclipse.jdt.internal.core.Openable.openAncestors(Openable.java:528)
	at org.eclipse.jdt.internal.core.CompilationUnit.openAncestors(CompilationUnit.java:1246)
	at org.eclipse.jdt.internal.core.Openable.generateInfos(Openable.java:248)
	at org.eclipse.jdt.internal.core.JavaElement.openWhenClosed(JavaElement.java:597)
	at org.eclipse.jdt.internal.core.JavaElement.getElementInfo(JavaElement.java:328)
	at org.eclipse.jdt.internal.core.JavaElement.getElementInfo(JavaElement.java:314)
	at org.eclipse.jdt.internal.core.Openable.getBuffer(Openable.java:296)
	at org.eclipse.jdt.ls.core.internal.handlers.WorkspaceDiagnosticsHandler.publishDiagnostics(WorkspaceDiagnosticsHandler.java:320)
	at org.eclipse.jdt.ls.core.internal.handlers.WorkspaceDiagnosticsHandler.publishDiagnostics(WorkspaceDiagnosticsHandler.java:245)
	at org.eclipse.jdt.ls.core.internal.handlers.JDTLanguageServer$2.run(JDTLanguageServer.java:321)
	at org.eclipse.core.internal.jobs.Worker.run(Worker.java:63)

[Error - 2:27:43 AM] Mar 1, 2024, 2:27:43 AM Failed to publish diagnostics for file:///home/loginemail122333/SOFE3980U-Lab3/BinaryCalculatorWebapp/src/main/java/com.ontariotechu.sofe3980U/HelloController.java
src/main/java/com.ontariotechu.sofe3980U [in BinaryCalculatorWebapp] is not on its project's build path
Java Model Exception: Error in Java Model (code 1006): src/main/java/com.ontariotechu.sofe3980U [in BinaryCalculatorWebapp] is not on its project's build path
	at org.eclipse.jdt.internal.core.JavaElement.newJavaModelException(JavaElement.java:584)
	at org.eclipse.jdt.internal.core.Openable.generateInfos(Openable.java:254)
	at org.eclipse.jdt.internal.core.Openable.openAncestors(Openable.java:528)
	at org.eclipse.jdt.internal.core.Openable.generateInfos(Openable.java:248)
	at org.eclipse.jdt.internal.core.Openable.openAncestors(Openable.java:528)
	at org.eclipse.jdt.internal.core.CompilationUnit.openAncestors(CompilationUnit.java:1246)
	at org.eclipse.jdt.internal.core.Openable.generateInfos(Openable.java:248)
	at org.eclipse.jdt.internal.core.JavaElement.openWhenClosed(JavaElement.java:597)
	at org.eclipse.jdt.internal.core.JavaElement.getElementInfo(JavaElement.java:328)
	at org.eclipse.jdt.internal.core.JavaElement.getElementInfo(JavaElement.java:314)
	at org.eclipse.jdt.internal.core.Openable.getBuffer(Openable.java:296)
	at org.eclipse.jdt.ls.core.internal.handlers.WorkspaceDiagnosticsHandler.publishDiagnostics(WorkspaceDiagnosticsHandler.java:320)
	at org.eclipse.jdt.ls.core.internal.handlers.WorkspaceDiagnosticsHandler.publishDiagnostics(WorkspaceDiagnosticsHandler.java:245)
	at org.eclipse.jdt.ls.core.internal.handlers.JDTLanguageServer$2.run(JDTLanguageServer.java:321)
	at org.eclipse.core.internal.jobs.Worker.run(Worker.java:63)

